<?xml version="1.0" encoding="UTF-8" ?>
<testsuite errors="0" failures="1" hostname="ip-172-31-85-164.ec2.internal" name="hellotest" skipped="0" tests="2" time="0.071" timestamp="2019-04-19T15:17:19">
  <properties>
    <property name="ant.project.invoked-targets" value="junit" />
    <property name="java.runtime.name" value="Java(TM) SE Runtime Environment" />
    <property name="sun.boot.library.path" value="/usr/java/jdk1.8.0_141/jre/lib/amd64" />
    <property name="java.vm.version" value="25.141-b15" />
    <property name="ant.library.dir" value="/usr/share/ant/lib" />
    <property name="ant.version" value="Apache Ant(TM) version 1.9.2 compiled on November 13 2017" />
    <property name="ant.java.version" value="1.8" />
    <property name="java.vm.vendor" value="Oracle Corporation" />
    <property name="java.vendor.url" value="http://java.oracle.com/" />
    <property name="path.separator" value=":" />
    <property name="java.vm.name" value="Java HotSpot(TM) 64-Bit Server VM" />
    <property name="file.encoding.pkg" value="sun.io" />
    <property name="user.country" value="US" />
    <property name="sun.java.launcher" value="SUN_STANDARD" />
    <property name="sun.os.patch.level" value="unknown" />
    <property name="java.vm.specification.name" value="Java Virtual Machine Specification" />
    <property name="user.dir" value="/var/lib/jenkins/git-workarea/some_java" />
    <property name="java.runtime.version" value="1.8.0_141-b15" />
    <property name="java.awt.graphicsenv" value="sun.awt.X11GraphicsEnvironment" />
    <property name="basedir" value="/var/lib/jenkins/git-workarea/some_java" />
    <property name="java.endorsed.dirs" value="/usr/java/jdk1.8.0_141/jre/lib/endorsed" />
    <property name="os.arch" value="amd64" />
    <property name="java.io.tmpdir" value="/tmp" />
    <property name="ant.core.lib" value="/usr/share/java/ant/ant.jar" />
    <property name="line.separator" value="&#xa;" />
    <property name="java.vm.specification.vendor" value="Oracle Corporation" />
    <property name="os.name" value="Linux" />
    <property name="ant.home" value="/usr/share/ant" />
    <property name="sun.jnu.encoding" value="UTF-8" />
    <property name="java.library.path" value="/usr/java/packages/lib/amd64:/usr/lib64:/lib64:/lib:/usr/lib" />
    <property name="java.specification.name" value="Java Platform API Specification" />
    <property name="java.class.version" value="52.0" />
    <property name="lib.dir" value="/usr/share/ant/lib" />
    <property name="sun.management.compiler" value="HotSpot 64-Bit Tiered Compilers" />
    <property name="os.version" value="4.14.106-97.85.amzn2.x86_64" />
    <property name="ant.file" value="/var/lib/jenkins/git-workarea/some_java/build.xml" />
    <property name="user.home" value="/var/lib/jenkins" />
    <property name="user.timezone" value="" />
    <property name="java.awt.printerjob" value="sun.print.PSPrinterJob" />
    <property name="java.specification.version" value="1.8" />
    <property name="file.encoding" value="UTF-8" />
    <property name="user.name" value="jenkins" />
    <property name="java.class.path" value="/usr/share/java/ant.jar:/usr/share/java/ant-launcher.jar:/usr/share/java/jaxp_parser_impl.jar:/usr/share/java/xml-commons-apis.jar:/usr/share/java/junit.jar:/usr/share/java/ant/ant-junit.jar:/usr/share/java/junit.jar:/usr/share/java/ant/ant-junit4.jar:/usr/java/jdk1.8.0_141/lib/tools.jar:/usr/share/ant/lib/ant-bootstrap.jar:/usr/share/ant/lib/ant-launcher.jar:/usr/share/ant/lib/ant.jar:/usr/share/ant/lib/ant-junit.jar:/usr/share/ant/lib/ant-junit4.jar" />
    <property name="java.vm.specification.version" value="1.8" />
    <property name="sun.java.command" value="org.apache.tools.ant.launch.Launcher -cp  junit" />
    <property name="sun.arch.data.model" value="64" />
    <property name="java.home" value="/usr/java/jdk1.8.0_141/jre" />
    <property name="user.language" value="en" />
    <property name="java.specification.vendor" value="Oracle Corporation" />
    <property name="awt.toolkit" value="sun.awt.X11.XToolkit" />
    <property name="java.vm.info" value="mixed mode" />
    <property name="java.version" value="1.8.0_141" />
    <property name="java.ext.dirs" value="/usr/java/jdk1.8.0_141/jre/lib/ext:/usr/java/packages/lib/ext" />
    <property name="sun.boot.class.path" value="/usr/java/jdk1.8.0_141/jre/lib/resources.jar:/usr/java/jdk1.8.0_141/jre/lib/rt.jar:/usr/java/jdk1.8.0_141/jre/lib/sunrsasign.jar:/usr/java/jdk1.8.0_141/jre/lib/jsse.jar:/usr/java/jdk1.8.0_141/jre/lib/jce.jar:/usr/java/jdk1.8.0_141/jre/lib/charsets.jar:/usr/java/jdk1.8.0_141/jre/lib/jfr.jar:/usr/java/jdk1.8.0_141/jre/classes" />
    <property name="java.vendor" value="Oracle Corporation" />
    <property name="file.separator" value="/" />
    <property name="java.vendor.url.bug" value="http://bugreport.sun.com/bugreport/" />
    <property name="sun.cpu.endian" value="little" />
    <property name="sun.io.unicode.encoding" value="UnicodeLittle" />
    <property name="ant.file.type" value="file" />
    <property name="sun.cpu.isalist" value="" />
  </properties>
  <testcase classname="hellotest" name="testWillAlwaysFail" time="0.013">
    <failure message="An error message" type="junit.framework.AssertionFailedError">junit.framework.AssertionFailedError: An error message
	at hellotest.testWillAlwaysFail(Unknown Source)
</failure>
  </testcase>
  <testcase classname="hellotest" name="testNothing" time="0.0" />
  <system-out><![CDATA[]]></system-out>
  <system-err><![CDATA[]]></system-err>
</testsuite>
